C:\DOCUMENTS AND SETTINGS\LIUXINYAN\MY DOCUMENTS\VISUAL STUDIO 2010\PROJECTS\GET_CORNER_RECTANGLE\DEBUG\GET_CORNER_RECTANGLE.EXE
C:\DOCUMENTS AND SETTINGS\LIUXINYAN\MY DOCUMENTS\VISUAL STUDIO 2010\PROJECTS\GET_CORNER_RECTANGLE\DEBUG\GET_CORNER_RECTANGLE.ILK
C:\DOCUMENTS AND SETTINGS\LIUXINYAN\MY DOCUMENTS\VISUAL STUDIO 2010\PROJECTS\GET_CORNER_RECTANGLE\DEBUG\GET_CORNER_RECTANGLE.PDB
C:\Documents and Settings\liuxinyan\My Documents\Visual Studio 2010\Projects\Get_Corner_Rectangle\Get_Corner_Rectangle\Debug\cl.command.1.tlog
C:\Documents and Settings\liuxinyan\My Documents\Visual Studio 2010\Projects\Get_Corner_Rectangle\Get_Corner_Rectangle\Debug\CL.read.1.tlog
C:\Documents and Settings\liuxinyan\My Documents\Visual Studio 2010\Projects\Get_Corner_Rectangle\Get_Corner_Rectangle\Debug\CL.write.1.tlog
C:\DOCUMENTS AND SETTINGS\LIUXINYAN\MY DOCUMENTS\VISUAL STUDIO 2010\PROJECTS\GET_CORNER_RECTANGLE\GET_CORNER_RECTANGLE\DEBUG\GET_CORNER_RECTANGLE.EXE.EMBED.MANIFEST
C:\DOCUMENTS AND SETTINGS\LIUXINYAN\MY DOCUMENTS\VISUAL STUDIO 2010\PROJECTS\GET_CORNER_RECTANGLE\GET_CORNER_RECTANGLE\DEBUG\GET_CORNER_RECTANGLE.EXE.EMBED.MANIFEST.RES
C:\DOCUMENTS AND SETTINGS\LIUXINYAN\MY DOCUMENTS\VISUAL STUDIO 2010\PROJECTS\GET_CORNER_RECTANGLE\GET_CORNER_RECTANGLE\DEBUG\GET_CORNER_RECTANGLE.EXE.INTERMEDIATE.MANIFEST
C:\DOCUMENTS AND SETTINGS\LIUXINYAN\MY DOCUMENTS\VISUAL STUDIO 2010\PROJECTS\GET_CORNER_RECTANGLE\GET_CORNER_RECTANGLE\DEBUG\GET_CORNER_RECTANGLE_MAIN.OBJ
C:\Documents and Settings\liuxinyan\My Documents\Visual Studio 2010\Projects\Get_Corner_Rectangle\Get_Corner_Rectangle\Debug\Get_Corner_Rectangle_manifest.rc
C:\Documents and Settings\liuxinyan\My Documents\Visual Studio 2010\Projects\Get_Corner_Rectangle\Get_Corner_Rectangle\Debug\link.6668.read.1.tlog
C:\Documents and Settings\liuxinyan\My Documents\Visual Studio 2010\Projects\Get_Corner_Rectangle\Get_Corner_Rectangle\Debug\link.6668.write.1.tlog
C:\Documents and Settings\liuxinyan\My Documents\Visual Studio 2010\Projects\Get_Corner_Rectangle\Get_Corner_Rectangle\Debug\link.6668-cvtres.read.1.tlog
C:\Documents and Settings\liuxinyan\My Documents\Visual Studio 2010\Projects\Get_Corner_Rectangle\Get_Corner_Rectangle\Debug\link.6668-cvtres.write.1.tlog
C:\Documents and Settings\liuxinyan\My Documents\Visual Studio 2010\Projects\Get_Corner_Rectangle\Get_Corner_Rectangle\Debug\link.command.1.tlog
C:\Documents and Settings\liuxinyan\My Documents\Visual Studio 2010\Projects\Get_Corner_Rectangle\Get_Corner_Rectangle\Debug\link.read.1.tlog
C:\Documents and Settings\liuxinyan\My Documents\Visual Studio 2010\Projects\Get_Corner_Rectangle\Get_Corner_Rectangle\Debug\link.write.1.tlog
C:\Documents and Settings\liuxinyan\My Documents\Visual Studio 2010\Projects\Get_Corner_Rectangle\Get_Corner_Rectangle\Debug\link-cvtres.read.1.tlog
C:\Documents and Settings\liuxinyan\My Documents\Visual Studio 2010\Projects\Get_Corner_Rectangle\Get_Corner_Rectangle\Debug\link-cvtres.write.1.tlog
C:\DOCUMENTS AND SETTINGS\LIUXINYAN\MY DOCUMENTS\VISUAL STUDIO 2010\PROJECTS\GET_CORNER_RECTANGLE\GET_CORNER_RECTANGLE\DEBUG\LOAD_POSITION_INFO_FUNCDEFINE.OBJ
C:\Documents and Settings\liuxinyan\My Documents\Visual Studio 2010\Projects\Get_Corner_Rectangle\Get_Corner_Rectangle\Debug\mt.command.1.tlog
C:\Documents and Settings\liuxinyan\My Documents\Visual Studio 2010\Projects\Get_Corner_Rectangle\Get_Corner_Rectangle\Debug\mt.read.1.tlog
C:\Documents and Settings\liuxinyan\My Documents\Visual Studio 2010\Projects\Get_Corner_Rectangle\Get_Corner_Rectangle\Debug\mt.write.1.tlog
C:\Documents and Settings\liuxinyan\My Documents\Visual Studio 2010\Projects\Get_Corner_Rectangle\Get_Corner_Rectangle\Debug\rc.command.1.tlog
C:\Documents and Settings\liuxinyan\My Documents\Visual Studio 2010\Projects\Get_Corner_Rectangle\Get_Corner_Rectangle\Debug\rc.read.1.tlog
C:\Documents and Settings\liuxinyan\My Documents\Visual Studio 2010\Projects\Get_Corner_Rectangle\Get_Corner_Rectangle\Debug\rc.write.1.tlog
C:\Documents and Settings\liuxinyan\My Documents\Visual Studio 2010\Projects\Get_Corner_Rectangle\Get_Corner_Rectangle\Debug\vc100.idb
C:\DOCUMENTS AND SETTINGS\LIUXINYAN\MY DOCUMENTS\VISUAL STUDIO 2010\PROJECTS\GET_CORNER_RECTANGLE\GET_CORNER_RECTANGLE\DEBUG\VC100.PDB
