Build started 2016-5-18 16:21:38.
     1>Project "C:\Documents and Settings\liuxinyan\My Documents\Visual Studio 2010\Projects\Get_Corner_Rectangle\Get_Corner_Rectangle\Get_Corner_Rectangle.vcxproj" on node 2 (rebuild target(s)).
     1>_PrepareForClean:
         Deleting file "Debug\Get_Corner_Rectangle.lastbuildstate".
       InitializeBuildStatus:
         Creating "Debug\Get_Corner_Rectangle.unsuccessfulbuild" because "AlwaysCreate" was specified.
       ClCompile:
         C:\Program Files\Microsoft Visual Studio 10.0\VC\bin\CL.exe /c /ZI /nologo /W3 /WX- /Od /Oy- /D WIN32 /D _DEBUG /D _CONSOLE /D _UNICODE /D UNICODE /Gm /EHsc /RTC1 /MDd /GS /fp:precise /Zc:wchar_t /Zc:forScope /Fo"Debug\\" /Fd"Debug\vc100.pdb" /Gd /TP /analyze- /errorReport:prompt Get_Corner_Rectangle_Main.cpp load_position_info_funcDefine.cpp
         load_position_info_funcDefine.cpp
         Get_Corner_Rectangle_Main.cpp
         Generating Code...
       ManifestResourceCompile:
         C:\Program Files\Microsoft SDKs\Windows\v7.0A\bin\rc.exe /nologo /fo"Debug\Get_Corner_Rectangle.exe.embed.manifest.res" Debug\Get_Corner_Rectangle_manifest.rc 
       Link:
         C:\Program Files\Microsoft Visual Studio 10.0\VC\bin\link.exe /ERRORREPORT:PROMPT /OUT:"C:\Documents and Settings\liuxinyan\My Documents\Visual Studio 2010\Projects\Get_Corner_Rectangle\Debug\Get_Corner_Rectangle.exe" /INCREMENTAL /NOLOGO kernel32.lib user32.lib gdi32.lib winspool.lib comdlg32.lib advapi32.lib shell32.lib ole32.lib oleaut32.lib uuid.lib odbc32.lib odbccp32.lib /MANIFEST /ManifestFile:"Debug\Get_Corner_Rectangle.exe.intermediate.manifest" /MANIFESTUAC:"level='asInvoker' uiAccess='false'" /DEBUG /PDB:"C:\Documents and Settings\liuxinyan\My Documents\Visual Studio 2010\Projects\Get_Corner_Rectangle\Debug\Get_Corner_Rectangle.pdb" /SUBSYSTEM:CONSOLE /TLBID:1 /DYNAMICBASE /NXCOMPAT /IMPLIB:"C:\Documents and Settings\liuxinyan\My Documents\Visual Studio 2010\Projects\Get_Corner_Rectangle\Debug\Get_Corner_Rectangle.lib" /MACHINE:X86 Debug\Get_Corner_Rectangle.exe.embed.manifest.res
         Debug\Get_Corner_Rectangle_Main.obj
         Debug\load_position_info_funcDefine.obj
       Manifest:
         Deleting file "Debug\Get_Corner_Rectangle.exe.embed.manifest".
         C:\Program Files\Microsoft SDKs\Windows\v7.0A\bin\mt.exe /nologo /verbose /out:"Debug\Get_Corner_Rectangle.exe.embed.manifest" /manifest Debug\Get_Corner_Rectangle.exe.intermediate.manifest
         C:\Program Files\Microsoft SDKs\Windows\v7.0A\bin\rc.exe /nologo /fo"Debug\Get_Corner_Rectangle.exe.embed.manifest.res" Debug\Get_Corner_Rectangle_manifest.rc 
       LinkEmbedManifest:
         C:\Program Files\Microsoft Visual Studio 10.0\VC\bin\link.exe /ERRORREPORT:PROMPT /OUT:"C:\Documents and Settings\liuxinyan\My Documents\Visual Studio 2010\Projects\Get_Corner_Rectangle\Debug\Get_Corner_Rectangle.exe" /INCREMENTAL /NOLOGO kernel32.lib user32.lib gdi32.lib winspool.lib comdlg32.lib advapi32.lib shell32.lib ole32.lib oleaut32.lib uuid.lib odbc32.lib odbccp32.lib /MANIFEST /ManifestFile:"Debug\Get_Corner_Rectangle.exe.intermediate.manifest" /MANIFESTUAC:"level='asInvoker' uiAccess='false'" /DEBUG /PDB:"C:\Documents and Settings\liuxinyan\My Documents\Visual Studio 2010\Projects\Get_Corner_Rectangle\Debug\Get_Corner_Rectangle.pdb" /SUBSYSTEM:CONSOLE /TLBID:1 /DYNAMICBASE /NXCOMPAT /IMPLIB:"C:\Documents and Settings\liuxinyan\My Documents\Visual Studio 2010\Projects\Get_Corner_Rectangle\Debug\Get_Corner_Rectangle.lib" /MACHINE:X86 Debug\Get_Corner_Rectangle.exe.embed.manifest.res
         Debug\Get_Corner_Rectangle_Main.obj
         Debug\load_position_info_funcDefine.obj
         Get_Corner_Rectangle.vcxproj -> C:\Documents and Settings\liuxinyan\My Documents\Visual Studio 2010\Projects\Get_Corner_Rectangle\Debug\Get_Corner_Rectangle.exe
       FinalizeBuildStatus:
         Deleting file "Debug\Get_Corner_Rectangle.unsuccessfulbuild".
         Touching "Debug\Get_Corner_Rectangle.lastbuildstate".
     1>Done Building Project "C:\Documents and Settings\liuxinyan\My Documents\Visual Studio 2010\Projects\Get_Corner_Rectangle\Get_Corner_Rectangle\Get_Corner_Rectangle.vcxproj" (rebuild target(s)).

Build succeeded.

Time Elapsed 00:00:02.03
